<?xml version="1.0" encoding="UTF-8"?>
<!-- Generated by org.testng.reporters.JUnitReportReporter -->
<testsuite skipped="0" hostname="DESKTOP-Q4NAHNC" name="FB.TestNGDemo" tests="1" failures="0" timestamp="2021-08-10T18:40:55 IST" time="5.765" errors="0">
  <testcase name="m1" time="5.765" classname="FB.TestNGDemo"/>
  <system-out/>
</testsuite> <!-- FB.TestNGDemo -->
